[2023-10-24T13:52:58.266Z] Book added: Bersedih Hati by Joan, Genre: Psikologi
[2023-10-24T13:53:26.180Z] Book added: Kecuali Diriku by Yunuss, Genre: Horror
[2023-10-24T13:53:44.960Z] Book deleted: Bersedih Hati by Joan, Genre: Psikologi
[2023-10-24T13:55:43.529Z] Book added: Cinta mati by Yusuf, Genre: Psikologi
[2023-10-24T13:56:14.836Z] Book added: Bersedih Dahulu Sebelum Bertindak by Ghofar, Genre: Psikologi
[2023-10-24T13:58:58.172Z] Book added: Menurut Sesama Manusia by Hasin, Genre: Slice Of Life
[2023-10-24T13:59:33.420Z] Book edited: ID 1, New title: Indigo, New author: Rifqan, New genre: Psikologi
[2023-10-24T22:41:21.144Z] Book added: Bersedih Di Kenangan Lama by Heri, Genre: Psikologi
[2023-10-24T23:11:21.768Z] Book added:  by , Genre: 
[2023-10-24T23:11:40.411Z] Book edited: ID , New title: , New author: , New genre: 
[2023-10-24T23:11:47.662Z] Book deleted:  by , Genre: 
[2023-10-25T06:48:22.989Z] Book added: Janji Terindah by Jovanko, Genre: Psikologi
[2023-10-26T14:06:57.346Z] Book added: Ending Yang Tak Terduga by Jonis, Genre: Slice Of Life
[2023-10-27T09:15:09.645Z] Book added:  by , Genre: 
[2023-10-27T09:51:39.078Z] Book added: Janji Manis by Yunus, Genre: Slice Of Life
[2023-10-27T09:51:48.595Z] Book ID 1 favorite status changed to: 1
[2023-10-27T09:52:30.521Z] Book added: Janj jiwaku by Rifqan, Genre: Slice Of Life
[2023-10-27T09:53:53.392Z] Book ID 1 favorite status changed to: 1
[2023-10-27T09:54:18.711Z] Book added: Haji Tak Berkah by Junia, Genre: Psikologi
[2023-10-27T09:54:34.713Z] Book added: Namaku Tak Seindah Artinya by Juliet, Genre: Slice Of Life
[2023-10-27T09:54:57.266Z] Book ID 3 favorite status changed to: 1
[2023-10-27T10:02:23.228Z] Book added: Janji Terindah Yang Kumiliki by Juliet, Genre: Slice Of Life
[2023-10-27T10:02:43.773Z] Book ID 55 favorite status changed to: 1
[2023-10-27T10:02:56.542Z] Book ID 6 favorite status changed to: 1
[2023-10-27T10:03:11.735Z] Book ID 5 favorite status changed to: 1
[2023-10-27T10:13:59.074Z] Book added: Unik Itu Indah by Rifqan, Genre: Slice Of Life
[2023-10-27T10:14:18.785Z] Book added: Kenapa Semu? by Handri, Genre: Psikologi
